[2023-01-22 07-41-22] Deprecated: Function utf8_decode() is deprecated in D:\Ambis\Bakalářka\Projekt\vendor\tracy\tracy\src\Tracy\Helpers.php:458  @  http://localhost:8000/test/uvod  @@  exception--2023-01-22--07-41--b145c08d2b.html
[2023-01-22 07-41-52] Deprecated: Function utf8_decode() is deprecated in D:\Ambis\Bakalářka\Projekt\vendor\tracy\tracy\src\Tracy\Helpers.php:458  @  http://localhost:8000/test/uvod  @@  exception--2023-01-22--07-41--b145c08d2b.html
[2023-01-22 07-43-47] Deprecated: Function utf8_decode() is deprecated in D:\Ambis\Bakalářka\Projekt\vendor\tracy\tracy\src\Tracy\Helpers.php:458  @  http://localhost:8000/test/uvod  @@  exception--2023-01-22--07-41--b145c08d2b.html
[2023-01-22 07-43-50] Deprecated: Function utf8_decode() is deprecated in D:\Ambis\Bakalářka\Projekt\vendor\tracy\tracy\src\Tracy\Helpers.php:458  @  http://localhost:8000/test/uvod  @@  exception--2023-01-22--07-41--b145c08d2b.html
[2023-01-22 07-44-19] Deprecated: Function utf8_decode() is deprecated in D:\Ambis\Bakalářka\Projekt\vendor\tracy\tracy\src\Tracy\Helpers.php:458  @  http://localhost:8000/test/uvod  @@  exception--2023-01-22--07-41--b145c08d2b.html
[2023-01-22 08-16-06] Deprecated: Function utf8_decode() is deprecated in D:\Ambis\Bakalářka\Projekt\vendor\tracy\tracy\src\Tracy\Helpers.php:458  @  http://localhost:8000/test/swot  @@  exception--2023-01-22--07-41--b145c08d2b.html
[2023-01-22 08-16-58] Deprecated: Function utf8_decode() is deprecated in D:\Ambis\Bakalářka\Projekt\vendor\tracy\tracy\src\Tracy\Helpers.php:458  @  http://localhost:8000/test/swot  @@  exception--2023-01-22--07-41--b145c08d2b.html
[2023-01-22 08-17-00] Deprecated: Function utf8_decode() is deprecated in D:\Ambis\Bakalářka\Projekt\vendor\tracy\tracy\src\Tracy\Helpers.php:458  @  http://localhost:8000/test/swot  @@  exception--2023-01-22--07-41--b145c08d2b.html
[2023-01-22 08-17-41] Deprecated: Function utf8_decode() is deprecated in D:\Ambis\Bakalářka\Projekt\vendor\tracy\tracy\src\Tracy\Helpers.php:458  @  http://localhost:8000/test/swot  @@  exception--2023-01-22--07-41--b145c08d2b.html
[2023-01-22 08-17-44] Deprecated: Function utf8_decode() is deprecated in D:\Ambis\Bakalářka\Projekt\vendor\tracy\tracy\src\Tracy\Helpers.php:458  @  http://localhost:8000/test/swot  @@  exception--2023-01-22--07-41--b145c08d2b.html
[2023-01-22 08-21-47] Deprecated: Function utf8_decode() is deprecated in D:\Ambis\Bakalářka\Projekt\vendor\tracy\tracy\src\Tracy\Helpers.php:458  @  http://localhost:8000/test/test  @@  exception--2023-01-22--07-41--b145c08d2b.html
[2023-01-22 13-44-12] Deprecated: Function utf8_decode() is deprecated in D:\Ambis\Bakalářka\Projekt\vendor\tracy\tracy\src\Tracy\Helpers.php:458  @  http://localhost:8000/Kliknut%C3%ADm%20na%20tla%C4%8D%C3%ADtko%20vstoupit%20prohla%C5%A1ujete%20%C5%BEe%20jste%20%C4%8Detli%3Ca%20href=  @@  exception--2023-01-22--07-41--b145c08d2b.html
[2023-01-22 14-25-32] Deprecated: Function utf8_decode() is deprecated in D:\Ambis\Bakalářka\Projekt\vendor\tracy\tracy\src\Tracy\Helpers.php:458  @  http://localhost:8000/terms  @@  exception--2023-01-22--07-41--b145c08d2b.html
[2023-01-22 16-24-36] Deprecated: Function utf8_decode() is deprecated in D:\Ambis\Bakalářka\Projekt\vendor\tracy\tracy\src\Tracy\Helpers.php:458  @  http://localhost:8000/homepage/link?Homepage=terms  @@  exception--2023-01-22--07-41--b145c08d2b.html
[2023-01-22 16-26-06] Deprecated: Function utf8_decode() is deprecated in D:\Ambis\Bakalářka\Projekt\vendor\tracy\tracy\src\Tracy\Helpers.php:458  @  http://localhost:8000/homepage/link?Homepage=terms  @@  exception--2023-01-22--07-41--b145c08d2b.html
[2023-01-22 16-26-35] Deprecated: Function utf8_decode() is deprecated in D:\Ambis\Bakalářka\Projekt\vendor\tracy\tracy\src\Tracy\Helpers.php:458  @  http://localhost:8000/homepage/link?Homepage=terms  @@  exception--2023-01-22--07-41--b145c08d2b.html
[2023-01-22 16-26-36] Deprecated: Function utf8_decode() is deprecated in D:\Ambis\Bakalářka\Projekt\vendor\tracy\tracy\src\Tracy\Helpers.php:458  @  http://localhost:8000/homepage/link?Homepage=terms  @@  exception--2023-01-22--07-41--b145c08d2b.html
[2023-01-22 16-26-56] Deprecated: Function utf8_decode() is deprecated in D:\Ambis\Bakalářka\Projekt\vendor\tracy\tracy\src\Tracy\Helpers.php:458  @  http://localhost:8000/link%20Homepage:terms  @@  exception--2023-01-22--07-41--b145c08d2b.html
[2023-01-22 16-27-09] Deprecated: Function utf8_decode() is deprecated in D:\Ambis\Bakalářka\Projekt\vendor\tracy\tracy\src\Tracy\Helpers.php:458  @  http://localhost:8000/link%20Homepage:terms  @@  exception--2023-01-22--07-41--b145c08d2b.html
[2023-01-22 16-27-50] Deprecated: Function utf8_decode() is deprecated in D:\Ambis\Bakalářka\Projekt\vendor\tracy\tracy\src\Tracy\Helpers.php:458  @  http://localhost:8000/link%20Homepage:terms  @@  exception--2023-01-22--07-41--b145c08d2b.html
[2023-01-22 16-28-34] Deprecated: Function utf8_decode() is deprecated in D:\Ambis\Bakalářka\Projekt\vendor\tracy\tracy\src\Tracy\Helpers.php:458  @  http://localhost:8000/  @@  exception--2023-01-22--07-41--b145c08d2b.html
[2023-01-22 18-36-05] Deprecated: Function utf8_decode() is deprecated in D:\Ambis\Bakalářka\Projekt\vendor\tracy\tracy\src\Tracy\Helpers.php:458  @  http://localhost:8000/landingpage/welcome  @@  exception--2023-01-22--07-41--b145c08d2b.html
[2023-01-22 19-42-50] Deprecated: Function utf8_decode() is deprecated in D:\Ambis\Bakalářka\Projekt\vendor\tracy\tracy\src\Tracy\Helpers.php:458  @  http://localhost:8000/test/swot  @@  exception--2023-01-22--07-41--b145c08d2b.html
[2023-01-30 15-59-54] Deprecated: Function utf8_decode() is deprecated in D:\Ambis\Bakalářka\Projekt\vendor\tracy\tracy\src\Tracy\Helpers.php:458  @  http://localhost:8000/Landingpage/welcome  @@  exception--2023-01-22--07-41--b145c08d2b.html
[2023-01-31 17-07-55] Deprecated: Function utf8_decode() is deprecated in D:\Ambis\Bakalářka\Projekt\vendor\tracy\tracy\src\Tracy\Helpers.php:458  @  http://localhost:8000/landingpage/about  @@  exception--2023-01-22--07-41--b145c08d2b.html
[2023-04-20 17-23-13] Deprecated: Function utf8_decode() is deprecated in D:\Ambis\Bakalářka\Projekt\vendor\tracy\tracy\src\Tracy\Helpers.php:458  @  http://localhost:8000/Landingpage/welcome  @@  exception--2023-01-22--07-41--b145c08d2b.html
[2023-04-20 17-34-20] Deprecated: Function utf8_decode() is deprecated in D:\Ambis\Bakalářka\Projekt\vendor\tracy\tracy\src\Tracy\Helpers.php:458  @  http://localhost:8000/l  @@  exception--2023-01-22--07-41--b145c08d2b.html
